Arguments: 
  /usr/local/bin/node /usr/local/bin/yarn publish

PATH: 
  /usr/local/bin:/usr/bin:/bin:/usr/sbin:/sbin

Yarn version: 
  1.1.0

Node version: 
  8.11.1

Platform: 
  darwin x64

npm manifest: 
  {
    "name": "smooth-scrollr",
    "version": "0.1",
    "description": "🖱Simple smooth scrolling in JS",
    "main": "index.js",
    "repository": {
      "url": "https://github.com/alexiscolin/smoothscroller.git",
      "type": "git"
    },
    "keywords": ["smooth", "smoothscroll", "scroll", "easing", "parallax"],
    "author": "Alexis Colin",
    "license": "MIT"
  }

yarn manifest: 
  No manifest

Lockfile: 
  No lockfile

Trace: 
  Error: https://registry.yarnpkg.com/smooth-scrollr: New versions must be valid semver.
      at Request.params.callback [as _callback] (/usr/local/lib/node_modules/yarn/lib/cli.js:61779:18)
      at Request.self.callback (/usr/local/lib/node_modules/yarn/lib/cli.js:121917:22)
      at emitTwo (events.js:126:13)
      at Request.emit (events.js:214:7)
      at Request.<anonymous> (/usr/local/lib/node_modules/yarn/lib/cli.js:122900:10)
      at emitOne (events.js:116:13)
      at Request.emit (events.js:211:7)
      at IncomingMessage.<anonymous> (/usr/local/lib/node_modules/yarn/lib/cli.js:122820:12)
      at Object.onceWrapper (events.js:313:30)
      at emitNone (events.js:111:20)
